
Circuit 1 cell sky130_fd_pr__pfet_01v8_hvt and Circuit 2 cell sky130_fd_pr__pfet_01v8_hvt are black boxes.
Warning: Equate pins:  cell sky130_fd_pr__pfet_01v8_hvt is a placeholder, treated as a black box.
Warning: Equate pins:  cell sky130_fd_pr__pfet_01v8_hvt is a placeholder, treated as a black box.

Subcircuit pins:
Circuit 1: sky130_fd_pr__pfet_01v8_hvt     |Circuit 2: sky130_fd_pr__pfet_01v8_hvt     
-------------------------------------------|-------------------------------------------
1                                          |1                                          
2                                          |2                                          
3                                          |3                                          
4                                          |4                                          
---------------------------------------------------------------------------------------
Cell pin lists are equivalent.
Device classes sky130_fd_pr__pfet_01v8_hvt and sky130_fd_pr__pfet_01v8_hvt are equivalent.

Circuit 1 cell sky130_fd_pr__nfet_01v8 and Circuit 2 cell sky130_fd_pr__nfet_01v8 are black boxes.
Warning: Equate pins:  cell sky130_fd_pr__nfet_01v8 is a placeholder, treated as a black box.
Warning: Equate pins:  cell sky130_fd_pr__nfet_01v8 is a placeholder, treated as a black box.

Subcircuit pins:
Circuit 1: sky130_fd_pr__nfet_01v8         |Circuit 2: sky130_fd_pr__nfet_01v8         
-------------------------------------------|-------------------------------------------
1                                          |1                                          
2                                          |2                                          
3                                          |3                                          
4                                          |4                                          
---------------------------------------------------------------------------------------
Cell pin lists are equivalent.
Device classes sky130_fd_pr__nfet_01v8 and sky130_fd_pr__nfet_01v8 are equivalent.

Class sky130_fd_sc_hd__clkdlybuf4s50_2 (0):  Merged 2 parallel devices.
Class sky130_fd_sc_hd__clkdlybuf4s50_2 (1):  Merged 2 parallel devices.
Subcircuit summary:
Circuit 1: sky130_fd_sc_hd__clkdlybuf4s50_ |Circuit 2: sky130_fd_sc_hd__clkdlybuf4s50_ 
-------------------------------------------|-------------------------------------------
sky130_fd_pr__pfet_01v8_hvt (5->4)         |sky130_fd_pr__pfet_01v8_hvt (5->4)         
sky130_fd_pr__nfet_01v8 (5->4)             |sky130_fd_pr__nfet_01v8 (5->4)             
Number of devices: 8                       |Number of devices: 8                       
Number of nets: 9                          |Number of nets: 9                          
---------------------------------------------------------------------------------------
Netlists match uniquely.

Subcircuit pins:
Circuit 1: sky130_fd_sc_hd__clkdlybuf4s50_ |Circuit 2: sky130_fd_sc_hd__clkdlybuf4s50_ 
-------------------------------------------|-------------------------------------------
X                                          |X                                          
A                                          |A                                          
VPWR                                       |VPWR                                       
VPB                                        |VPB                                        
VGND                                       |VGND                                       
VNB                                        |VNB                                        
---------------------------------------------------------------------------------------
Cell pin lists are equivalent.
Device classes sky130_fd_sc_hd__clkdlybuf4s50_2 and sky130_fd_sc_hd__clkdlybuf4s50_2 are equivalent.

Circuit 1 cell sky130_fd_pr__nfet_g5v0d10v5 and Circuit 2 cell sky130_fd_pr__nfet_g5v0d10v5 are black boxes.
Warning: Equate pins:  cell sky130_fd_pr__nfet_g5v0d10v5 is a placeholder, treated as a black box.
Warning: Equate pins:  cell sky130_fd_pr__nfet_g5v0d10v5 is a placeholder, treated as a black box.

Subcircuit pins:
Circuit 1: sky130_fd_pr__nfet_g5v0d10v5    |Circuit 2: sky130_fd_pr__nfet_g5v0d10v5    
-------------------------------------------|-------------------------------------------
1                                          |1                                          
2                                          |2                                          
3                                          |3                                          
4                                          |4                                          
---------------------------------------------------------------------------------------
Cell pin lists are equivalent.
Device classes sky130_fd_pr__nfet_g5v0d10v5 and sky130_fd_pr__nfet_g5v0d10v5 are equivalent.

Circuit 1 cell sky130_fd_pr__pfet_g5v0d10v5 and Circuit 2 cell sky130_fd_pr__pfet_g5v0d10v5 are black boxes.
Warning: Equate pins:  cell sky130_fd_pr__pfet_g5v0d10v5 is a placeholder, treated as a black box.
Warning: Equate pins:  cell sky130_fd_pr__pfet_g5v0d10v5 is a placeholder, treated as a black box.

Subcircuit pins:
Circuit 1: sky130_fd_pr__pfet_g5v0d10v5    |Circuit 2: sky130_fd_pr__pfet_g5v0d10v5    
-------------------------------------------|-------------------------------------------
1                                          |1                                          
2                                          |2                                          
3                                          |3                                          
4                                          |4                                          
---------------------------------------------------------------------------------------
Cell pin lists are equivalent.
Device classes sky130_fd_pr__pfet_g5v0d10v5 and sky130_fd_pr__pfet_g5v0d10v5 are equivalent.

Circuit 1 cell sky130_fd_pr__res_xhigh_po_0p35 and Circuit 2 cell sky130_fd_pr__res_xhigh_po_0p35 are black boxes.
Warning: Equate pins:  cell sky130_fd_pr__res_xhigh_po_0p35 is a placeholder, treated as a black box.
Warning: Equate pins:  cell sky130_fd_pr__res_xhigh_po_0p35 is a placeholder, treated as a black box.

Subcircuit pins:
Circuit 1: sky130_fd_pr__res_xhigh_po_0p35 |Circuit 2: sky130_fd_pr__res_xhigh_po_0p35 
-------------------------------------------|-------------------------------------------
1                                          |1                                          
2                                          |2                                          
3                                          |3                                          
---------------------------------------------------------------------------------------
Cell pin lists are equivalent.
Device classes sky130_fd_pr__res_xhigh_po_0p35 and sky130_fd_pr__res_xhigh_po_0p35 are equivalent.

Subcircuit summary:
Circuit 1: sky130_fd_sc_hd__inv_1          |Circuit 2: sky130_fd_sc_hd__inv_1          
-------------------------------------------|-------------------------------------------
sky130_fd_pr__nfet_01v8 (1)                |sky130_fd_pr__nfet_01v8 (1)                
sky130_fd_pr__pfet_01v8_hvt (1)            |sky130_fd_pr__pfet_01v8_hvt (1)            
Number of devices: 2                       |Number of devices: 2                       
Number of nets: 6                          |Number of nets: 6                          
---------------------------------------------------------------------------------------
Netlists match uniquely.

Subcircuit pins:
Circuit 1: sky130_fd_sc_hd__inv_1          |Circuit 2: sky130_fd_sc_hd__inv_1          
-------------------------------------------|-------------------------------------------
Y                                          |Y                                          
A                                          |A                                          
VGND                                       |VGND                                       
VNB                                        |VNB                                        
VPWR                                       |VPWR                                       
VPB                                        |VPB                                        
---------------------------------------------------------------------------------------
Cell pin lists are equivalent.
Device classes sky130_fd_sc_hd__inv_1 and sky130_fd_sc_hd__inv_1 are equivalent.

Class sky130_fd_sc_hd__inv_2 (0):  Merged 2 parallel devices.
Class sky130_fd_sc_hd__inv_2 (1):  Merged 2 parallel devices.
Subcircuit summary:
Circuit 1: sky130_fd_sc_hd__inv_2          |Circuit 2: sky130_fd_sc_hd__inv_2          
-------------------------------------------|-------------------------------------------
sky130_fd_pr__nfet_01v8 (2->1)             |sky130_fd_pr__nfet_01v8 (2->1)             
sky130_fd_pr__pfet_01v8_hvt (2->1)         |sky130_fd_pr__pfet_01v8_hvt (2->1)         
Number of devices: 2                       |Number of devices: 2                       
Number of nets: 6                          |Number of nets: 6                          
---------------------------------------------------------------------------------------
Netlists match uniquely.

Subcircuit pins:
Circuit 1: sky130_fd_sc_hd__inv_2          |Circuit 2: sky130_fd_sc_hd__inv_2          
-------------------------------------------|-------------------------------------------
VPWR                                       |VPWR                                       
VPB                                        |VPB                                        
VGND                                       |VGND                                       
VNB                                        |VNB                                        
Y                                          |Y                                          
A                                          |A                                          
---------------------------------------------------------------------------------------
Cell pin lists are equivalent.
Device classes sky130_fd_sc_hd__inv_2 and sky130_fd_sc_hd__inv_2 are equivalent.

Class sky130_fd_sc_hd__inv_8 (0):  Merged 14 parallel devices.
Class sky130_fd_sc_hd__inv_8 (1):  Merged 14 parallel devices.
Subcircuit summary:
Circuit 1: sky130_fd_sc_hd__inv_8          |Circuit 2: sky130_fd_sc_hd__inv_8          
-------------------------------------------|-------------------------------------------
sky130_fd_pr__nfet_01v8 (8->1)             |sky130_fd_pr__nfet_01v8 (8->1)             
sky130_fd_pr__pfet_01v8_hvt (8->1)         |sky130_fd_pr__pfet_01v8_hvt (8->1)         
Number of devices: 2                       |Number of devices: 2                       
Number of nets: 6                          |Number of nets: 6                          
---------------------------------------------------------------------------------------
Netlists match uniquely.

Subcircuit pins:
Circuit 1: sky130_fd_sc_hd__inv_8          |Circuit 2: sky130_fd_sc_hd__inv_8          
-------------------------------------------|-------------------------------------------
A                                          |A                                          
Y                                          |Y                                          
VPWR                                       |VPWR                                       
VPB                                        |VPB                                        
VGND                                       |VGND                                       
VNB                                        |VNB                                        
---------------------------------------------------------------------------------------
Cell pin lists are equivalent.
Device classes sky130_fd_sc_hd__inv_8 and sky130_fd_sc_hd__inv_8 are equivalent.

Class sky130_fd_sc_hd__and2_2 (0):  Merged 2 parallel devices.
Class sky130_fd_sc_hd__and2_2 (1):  Merged 2 parallel devices.
Subcircuit summary:
Circuit 1: sky130_fd_sc_hd__and2_2         |Circuit 2: sky130_fd_sc_hd__and2_2         
-------------------------------------------|-------------------------------------------
sky130_fd_pr__pfet_01v8_hvt (4->3)         |sky130_fd_pr__pfet_01v8_hvt (4->3)         
sky130_fd_pr__nfet_01v8 (4->3)             |sky130_fd_pr__nfet_01v8 (4->3)             
Number of devices: 6                       |Number of devices: 6                       
Number of nets: 9                          |Number of nets: 9                          
---------------------------------------------------------------------------------------
Netlists match uniquely.

Subcircuit pins:
Circuit 1: sky130_fd_sc_hd__and2_2         |Circuit 2: sky130_fd_sc_hd__and2_2         
-------------------------------------------|-------------------------------------------
X                                          |X                                          
B                                          |B                                          
VGND                                       |VGND                                       
A                                          |A                                          
VPWR                                       |VPWR                                       
VPB                                        |VPB                                        
VNB                                        |VNB                                        
---------------------------------------------------------------------------------------
Cell pin lists are equivalent.
Device classes sky130_fd_sc_hd__and2_2 and sky130_fd_sc_hd__and2_2 are equivalent.

Circuit 1 cell sky130_fd_pr__cap_mim_m3_1 and Circuit 2 cell sky130_fd_pr__cap_mim_m3_1 are black boxes.
Warning: Equate pins:  cell sky130_fd_pr__cap_mim_m3_1 is a placeholder, treated as a black box.
Warning: Equate pins:  cell sky130_fd_pr__cap_mim_m3_1 is a placeholder, treated as a black box.

Subcircuit pins:
Circuit 1: sky130_fd_pr__cap_mim_m3_1      |Circuit 2: sky130_fd_pr__cap_mim_m3_1      
-------------------------------------------|-------------------------------------------
1                                          |1                                          
2                                          |2                                          
---------------------------------------------------------------------------------------
Cell pin lists are equivalent.
Device classes sky130_fd_pr__cap_mim_m3_1 and sky130_fd_pr__cap_mim_m3_1 are equivalent.

Circuit 1 cell sky130_fd_pr__cap_mim_m3_2 and Circuit 2 cell sky130_fd_pr__cap_mim_m3_2 are black boxes.
Warning: Equate pins:  cell sky130_fd_pr__cap_mim_m3_2 is a placeholder, treated as a black box.
Warning: Equate pins:  cell sky130_fd_pr__cap_mim_m3_2 is a placeholder, treated as a black box.

Subcircuit pins:
Circuit 1: sky130_fd_pr__cap_mim_m3_2      |Circuit 2: sky130_fd_pr__cap_mim_m3_2      
-------------------------------------------|-------------------------------------------
1                                          |1                                          
2                                          |2                                          
---------------------------------------------------------------------------------------
Cell pin lists are equivalent.
Device classes sky130_fd_pr__cap_mim_m3_2 and sky130_fd_pr__cap_mim_m3_2 are equivalent.

Class boot_ls_stage (0):  Merged 4 series devices.
Class boot_ls_stage (1):  Merged 11 parallel devices.
Class boot_ls_stage (1):  Merged 4 series devices.
Subcircuit summary:
Circuit 1: boot_ls_stage                   |Circuit 2: boot_ls_stage                   
-------------------------------------------|-------------------------------------------
sky130_fd_pr__pfet_g5v0d10v5 (8)           |sky130_fd_pr__pfet_g5v0d10v5 (8)           
sky130_fd_pr__nfet_g5v0d10v5 (15->4)       |sky130_fd_pr__nfet_g5v0d10v5 (15->4)       
sky130_fd_pr__res_xhigh_po_0p35 (5->1)     |sky130_fd_pr__res_xhigh_po_0p35 (5->1)     
Number of devices: 13                      |Number of devices: 13                      
Number of nets: 11                         |Number of nets: 11                         
---------------------------------------------------------------------------------------
Resolving symmetries by property value.
Resolving symmetries by pin name.
Netlists match uniquely with port errors.

Subcircuit pins:
Circuit 1: boot_ls_stage                   |Circuit 2: boot_ls_stage                   
-------------------------------------------|-------------------------------------------
V5v0LS                                     |V5v0LS                                     
VFE                                        |VFE                                        
VRE                                        |VRE                                        
GND                                        |GND                                        
Vboot                                      |Vboot                                      
SET                                        |SET                                        
RESET                                      |RESET                                      
(no matching pin)                          |w_n1158_n782#                              
---------------------------------------------------------------------------------------
Cell pin lists for boot_ls_stage and boot_ls_stage altered to match.
Device classes boot_ls_stage and boot_ls_stage are equivalent.
  Flattening non-matched subcircuits boot_ls_stage boot_ls_stage

Class buffer (1):  Merged 34 parallel devices.
Subcircuit summary:
Circuit 1: buffer                          |Circuit 2: buffer                          
-------------------------------------------|-------------------------------------------
sky130_fd_pr__pfet_g5v0d10v5 (20->3)       |sky130_fd_pr__pfet_g5v0d10v5 (20->3)       
sky130_fd_pr__nfet_g5v0d10v5 (20->3)       |sky130_fd_pr__nfet_g5v0d10v5 (20->3)       
Number of devices: 6                       |Number of devices: 6                       
Number of nets: 7                          |Number of nets: 7                          
---------------------------------------------------------------------------------------
Netlists match uniquely.

Subcircuit pins:
Circuit 1: buffer                          |Circuit 2: buffer                          
-------------------------------------------|-------------------------------------------
Q                                          |Q                                          
QN                                         |QN                                         
VOUT                                       |out **Mismatch**                           
VDD                                        |VDD                                        
VSS                                        |VSS                                        
---------------------------------------------------------------------------------------
Cell pin lists for buffer and buffer altered to match.
Device classes buffer and buffer are equivalent.

Subcircuit summary:
Circuit 1: nand_5v                         |Circuit 2: nand_5v                         
-------------------------------------------|-------------------------------------------
sky130_fd_pr__nfet_g5v0d10v5 (2)           |sky130_fd_pr__nfet_g5v0d10v5 (2)           
sky130_fd_pr__pfet_g5v0d10v5 (2)           |sky130_fd_pr__pfet_g5v0d10v5 (2)           
Number of devices: 4                       |Number of devices: 4                       
Number of nets: 6                          |Number of nets: 6                          
---------------------------------------------------------------------------------------
Netlists match uniquely.

Subcircuit pins:
Circuit 1: nand_5v                         |Circuit 2: nand_5v                         
-------------------------------------------|-------------------------------------------
VDD                                        |VDD                                        
VSS                                        |VSS                                        
NAND                                       |NAND                                       
A                                          |A                                          
B                                          |B                                          
---------------------------------------------------------------------------------------
Cell pin lists are equivalent.
Device classes nand_5v and nand_5v are equivalent.

Circuit 1 cell sky130_fd_pr__pfet_01v8 and Circuit 2 cell sky130_fd_pr__pfet_01v8 are black boxes.
Warning: Equate pins:  cell sky130_fd_pr__pfet_01v8 is a placeholder, treated as a black box.
Warning: Equate pins:  cell sky130_fd_pr__pfet_01v8 is a placeholder, treated as a black box.

Subcircuit pins:
Circuit 1: sky130_fd_pr__pfet_01v8         |Circuit 2: sky130_fd_pr__pfet_01v8         
-------------------------------------------|-------------------------------------------
1                                          |1                                          
2                                          |2                                          
3                                          |3                                          
4                                          |4                                          
---------------------------------------------------------------------------------------
Cell pin lists are equivalent.
Device classes sky130_fd_pr__pfet_01v8 and sky130_fd_pr__pfet_01v8 are equivalent.
Flattening unmatched subcell pulse_generator in circuit driver_bootstrap (0)(1 instance)
Flattening unmatched subcell short_pulse_generator in circuit driver_bootstrap (1)(1 instance)
Flattening unmatched subcell sp_delay_top in circuit driver_bootstrap (1)(1 instance)
Flattening unmatched subcell sp_delay2x in circuit driver_bootstrap (1)(3 instances)
Flattening unmatched subcell sp_delay in circuit driver_bootstrap (1)(6 instances)

Subcircuit summary:
Circuit 1: driver_bootstrap                |Circuit 2: driver_bootstrap                
-------------------------------------------|-------------------------------------------
sky130_fd_pr__pfet_g5v0d10v5 (8)           |sky130_fd_pr__pfet_g5v0d10v5 (8)           
sky130_fd_pr__nfet_g5v0d10v5 (15->4)       |sky130_fd_pr__nfet_g5v0d10v5 (15->4)       
sky130_fd_pr__res_xhigh_po_0p35 (1)        |sky130_fd_pr__res_xhigh_po_0p35 (1)        
sky130_fd_sc_hd__inv_1 (4)                 |sky130_fd_sc_hd__inv_1 (4)                 
sky130_fd_sc_hd__inv_2 (1)                 |sky130_fd_sc_hd__inv_2 (1)                 
sky130_fd_sc_hd__inv_8 (1)                 |sky130_fd_sc_hd__inv_8 (1)                 
sky130_fd_sc_hd__and2_2 (2)                |sky130_fd_sc_hd__and2_2 (2)                
sky130_fd_sc_hd__clkdlybuf4s50_2 (36)      |sky130_fd_sc_hd__clkdlybuf4s50_2 (36)      
buffer (1)                                 |buffer (1)                                 
nand_5v (2)                                |nand_5v (2)                                
Number of devices: 60                      |Number of devices: 60                      
Number of nets: 59                         |Number of nets: 59                         
---------------------------------------------------------------------------------------
Netlists match uniquely with port errors.

Subcircuit pins:
Circuit 1: driver_bootstrap                |Circuit 2: driver_bootstrap                
-------------------------------------------|-------------------------------------------
Source                                     |VSource **Mismatch**                       
V1v8                                       |short_pulse_generator_0/VCC **Mismatch**   
GND                                        |VSUBS **Mismatch**                         
V5v0LS                                     |boot_ls_stage_0/V5v0LS **Mismatch**        
Gate                                       |buffer_0/out **Mismatch**                  
DIN                                        |(no matching pin)                          
Vboot                                      |VBOOT                                      
(no matching pin)                          |w_n3969_322#                               
DIN                                        |(no matching pin)                          
---------------------------------------------------------------------------------------
Cell pin lists for driver_bootstrap and driver_bootstrap altered to match.
Device classes driver_bootstrap and driver_bootstrap are equivalent.
  Flattening non-matched subcircuits driver_bootstrap driver_bootstrap
Flattening unmatched subcell nmos_waffle_36x36 in circuit power_stage_3 (1)(2 instances)
Flattening unmatched subcell nmos_drain_in in circuit power_stage_3 (1)(1156 instances)
Flattening unmatched subcell nmos_source_in in circuit power_stage_3 (1)(1156 instances)
Flattening unmatched subcell nmos_source_frame_lt in circuit power_stage_3 (1)(68 instances)
Flattening unmatched subcell nmos_drain_frame_rb in circuit power_stage_3 (1)(68 instances)
Flattening unmatched subcell nmos_source_frame_rb in circuit power_stage_3 (1)(68 instances)
Flattening unmatched subcell nmos_drain_frame_lt in circuit power_stage_3 (1)(68 instances)

Cell power_stage_3 (1) disconnected node: nmos_waffle_36x36_1/dw_n6950_n7050#
Cell power_stage_3 (1) disconnected node: nmos_waffle_36x36_0/dw_n6950_n7050#
Class power_stage_3 (1):  Merged 5038 parallel devices.
Cell power_stage_3 (1) disconnected node: nmos_waffle_36x36_1/dw_n6950_n7050#
Cell power_stage_3 (1) disconnected node: nmos_waffle_36x36_0/dw_n6950_n7050#
Subcircuit summary:
Circuit 1: power_stage_3                   |Circuit 2: power_stage_3                   
-------------------------------------------|-------------------------------------------
sky130_fd_pr__nfet_g5v0d10v5 (5040->2)     |sky130_fd_pr__nfet_g5v0d10v5 (5040->2)     
Number of devices: 2                       |Number of devices: 2                       
Number of nets: 5                          |Number of nets: 5                          
---------------------------------------------------------------------------------------
Netlists match uniquely with port errors.

Subcircuit pins:
Circuit 1: power_stage_3                   |Circuit 2: power_stage_3                   
-------------------------------------------|-------------------------------------------
VSS                                        |VN **Mismatch**                            
Vout                                       |out **Mismatch**                           
S2                                         |s1 **Mismatch**                            
VDD                                        |VP **Mismatch**                            
S1                                         |s2 **Mismatch**                            
(no matching pin)                          |nmos_waffle_36x36_1/dw_n6950_n7050#        
(no matching pin)                          |nmos_waffle_36x36_0/dw_n6950_n7050#        
---------------------------------------------------------------------------------------
Cell pin lists for power_stage_3 and power_stage_3 altered to match.
Device classes power_stage_3 and power_stage_3 are equivalent.
  Flattening non-matched subcircuits power_stage_3 power_stage_3

Class level_shifter (1):  Merged 68 parallel devices.
Subcircuit summary:
Circuit 1: level_shifter                   |Circuit 2: level_shifter                   
-------------------------------------------|-------------------------------------------
sky130_fd_pr__pfet_01v8 (5->1)             |sky130_fd_pr__pfet_01v8 (5->1)             
sky130_fd_pr__nfet_01v8 (5->1)             |sky130_fd_pr__nfet_01v8 (5->1)             
sky130_fd_pr__pfet_g5v0d10v5 (32->4)       |sky130_fd_pr__pfet_g5v0d10v5 (32->4)       
sky130_fd_pr__nfet_g5v0d10v5 (36->4)       |sky130_fd_pr__nfet_g5v0d10v5 (36->4)       
Number of devices: 10                      |Number of devices: 10                      
Number of nets: 9                          |Number of nets: 9                          
---------------------------------------------------------------------------------------
Netlists match uniquely with port errors.

Subcircuit pins:
Circuit 1: level_shifter                   |Circuit 2: level_shifter                   
-------------------------------------------|-------------------------------------------
VH                                         |level_shifter_0/VH **Mismatch**            
VSS                                        |level_shifter_0/GND **Mismatch**           
OUT                                        |level_shifter_0/OUT **Mismatch**           
VDD                                        |level_shifter_0/VDD **Mismatch**           
IN                                         |(no matching pin)                          
IN                                         |(no matching pin)                          
---------------------------------------------------------------------------------------
Cell pin lists for level_shifter and level_shifter altered to match.
Device classes level_shifter and level_shifter are equivalent.
  Flattening non-matched subcircuits level_shifter level_shifter
Flattening unmatched subcell mimcap_210x420 in circuit converter_3 (1)(1 instance)
Flattening unmatched subcell mimcap_30x30 in circuit converter_3 (1)(98 instances)
Flattening unmatched subcell bootstrap_diode in circuit converter_3 (1)(1 instance)

Class converter_3 (1):  Merged 194 parallel devices.
Subcircuit summary:
Circuit 1: converter_3                     |Circuit 2: converter_3                     
-------------------------------------------|-------------------------------------------
sky130_fd_pr__pfet_g5v0d10v5 (40->12)      |sky130_fd_pr__pfet_g5v0d10v5 (40->12)      
sky130_fd_pr__nfet_g5v0d10v5 (5091->10)    |sky130_fd_pr__nfet_g5v0d10v5 (5091->10)    
sky130_fd_pr__res_xhigh_po_0p35 (1)        |sky130_fd_pr__res_xhigh_po_0p35 (1)        
sky130_fd_sc_hd__inv_1 (4)                 |sky130_fd_sc_hd__inv_1 (4)                 
sky130_fd_sc_hd__inv_2 (1)                 |sky130_fd_sc_hd__inv_2 (1)                 
sky130_fd_sc_hd__inv_8 (1)                 |sky130_fd_sc_hd__inv_8 (1)                 
sky130_fd_sc_hd__and2_2 (2)                |sky130_fd_sc_hd__and2_2 (2)                
sky130_fd_sc_hd__clkdlybuf4s50_2 (36)      |sky130_fd_sc_hd__clkdlybuf4s50_2 (36)      
buffer (1)                                 |buffer (1)                                 
nand_5v (2)                                |nand_5v (2)                                
sky130_fd_pr__diode_pw2nd_05v5 (1)         |sky130_fd_pr__diode_pw2nd_05v5 (1)         
sky130_fd_pr__cap_mim_m3_2 (1)             |sky130_fd_pr__cap_mim_m3_2 (98->1)         
sky130_fd_pr__pfet_01v8 (5->1)             |sky130_fd_pr__pfet_01v8 (5->1)             
sky130_fd_pr__nfet_01v8 (5->1)             |sky130_fd_pr__nfet_01v8 (5->1)             
sky130_fd_pr__cap_mim_m3_1 (1)             |sky130_fd_pr__cap_mim_m3_1 (98->1)         
Number of devices: 75                      |Number of devices: 75                      
Number of nets: 66                         |Number of nets: 66                         
---------------------------------------------------------------------------------------
Netlists match uniquely with port errors.

Subcircuit pins:
Circuit 1: converter_3                     |Circuit 2: converter_3                     
-------------------------------------------|-------------------------------------------
D2                                         |(no matching pin)                          
V10v0                                      |(no matching pin)                          
D1                                         |(no matching pin)                          
GND                                        |(no matching pin)                          
V1v8                                       |(no matching pin)                          
V5v0LS                                     |(no matching pin)                          
Vout                                       |(no matching pin)                          
S1                                         |(no matching pin)                          
V5v0LS                                     |(no matching pin)                          
V1v8                                       |(no matching pin)                          
GND                                        |(no matching pin)                          
D1                                         |(no matching pin)                          
S1                                         |(no matching pin)                          
Vout                                       |(no matching pin)                          
V10v0                                      |(no matching pin)                          
D2                                         |(no matching pin)                          
---------------------------------------------------------------------------------------
Error:  Connected pin (no pins) (node -2) did not get ordered!
Ports of converter_3 are unordered.  Ordering will be arbitrary.
Cell pin lists for converter_3 and converter_3 altered to match.
Device classes converter_3 and converter_3 are equivalent.

Final result: Top level cell failed pin matching.
