
Circuit 1 cell sky130_fd_pr__pfet_01v8_hvt and Circuit 2 cell sky130_fd_pr__pfet_01v8_hvt are black boxes.
Warning: Equate pins:  cell sky130_fd_pr__pfet_01v8_hvt is a placeholder, treated as a black box.
Warning: Equate pins:  cell sky130_fd_pr__pfet_01v8_hvt is a placeholder, treated as a black box.

Subcircuit pins:
Circuit 1: sky130_fd_pr__pfet_01v8_hvt     |Circuit 2: sky130_fd_pr__pfet_01v8_hvt     
-------------------------------------------|-------------------------------------------
1                                          |1                                          
2                                          |2                                          
3                                          |3                                          
4                                          |4                                          
---------------------------------------------------------------------------------------
Cell pin lists are equivalent.
Device classes sky130_fd_pr__pfet_01v8_hvt and sky130_fd_pr__pfet_01v8_hvt are equivalent.

Circuit 1 cell sky130_fd_pr__nfet_01v8 and Circuit 2 cell sky130_fd_pr__nfet_01v8 are black boxes.
Warning: Equate pins:  cell sky130_fd_pr__nfet_01v8 is a placeholder, treated as a black box.
Warning: Equate pins:  cell sky130_fd_pr__nfet_01v8 is a placeholder, treated as a black box.

Subcircuit pins:
Circuit 1: sky130_fd_pr__nfet_01v8         |Circuit 2: sky130_fd_pr__nfet_01v8         
-------------------------------------------|-------------------------------------------
1                                          |1                                          
2                                          |2                                          
3                                          |3                                          
4                                          |4                                          
---------------------------------------------------------------------------------------
Cell pin lists are equivalent.
Device classes sky130_fd_pr__nfet_01v8 and sky130_fd_pr__nfet_01v8 are equivalent.

Class sky130_fd_sc_hd__clkdlybuf4s50_2 (0):  Merged 2 parallel devices.
Class sky130_fd_sc_hd__clkdlybuf4s50_2 (1):  Merged 2 parallel devices.
Subcircuit summary:
Circuit 1: sky130_fd_sc_hd__clkdlybuf4s50_ |Circuit 2: sky130_fd_sc_hd__clkdlybuf4s50_ 
-------------------------------------------|-------------------------------------------
sky130_fd_pr__pfet_01v8_hvt (5->4)         |sky130_fd_pr__pfet_01v8_hvt (5->4)         
sky130_fd_pr__nfet_01v8 (5->4)             |sky130_fd_pr__nfet_01v8 (5->4)             
Number of devices: 8                       |Number of devices: 8                       
Number of nets: 9                          |Number of nets: 9                          
---------------------------------------------------------------------------------------
Netlists match uniquely.

Subcircuit pins:
Circuit 1: sky130_fd_sc_hd__clkdlybuf4s50_ |Circuit 2: sky130_fd_sc_hd__clkdlybuf4s50_ 
-------------------------------------------|-------------------------------------------
X                                          |X                                          
A                                          |A                                          
VPWR                                       |VPWR                                       
VPB                                        |VPB                                        
VGND                                       |VGND                                       
VNB                                        |VNB                                        
---------------------------------------------------------------------------------------
Cell pin lists are equivalent.
Device classes sky130_fd_sc_hd__clkdlybuf4s50_2 and sky130_fd_sc_hd__clkdlybuf4s50_2 are equivalent.
Flattening unmatched subcell sp_delay_rot in circuit sp_delay2x (1)(1 instance)
Flattening unmatched subcell sp_delay in circuit sp_delay2x (1)(1 instance)

Subcircuit summary:
Circuit 1: sp_delay2x                      |Circuit 2: sp_delay2x                      
-------------------------------------------|-------------------------------------------
sky130_fd_sc_hd__clkdlybuf4s50_2 (12)      |sky130_fd_sc_hd__clkdlybuf4s50_2 (12)      
Number of devices: 12                      |Number of devices: 12                      
Number of nets: 15                         |Number of nets: 15                         
---------------------------------------------------------------------------------------
Netlists match uniquely.

Subcircuit pins:
Circuit 1: sp_delay2x                      |Circuit 2: sp_delay2x                      
-------------------------------------------|-------------------------------------------
VCC                                        |VCC                                        
VSS                                        |VSS                                        
VOUT                                       |VOUT                                       
VIN                                        |VIN                                        
---------------------------------------------------------------------------------------
Cell pin lists are equivalent.
Device classes sp_delay2x and sp_delay2x are equivalent.

Final result: Circuits match uniquely.
.
